<?xml version="1.0" encoding="UTF-8"?>
<!-- Generated by org.testng.reporters.JUnitXMLReporter -->
<testsuite hostname="Kris-Laptop" name="Chrome" tests="1" failures="0" timestamp="3 Jul 2017 06:01:49 GMT" time="0.107" errors="0">
  <testcase name="@BeforeClass setUp" time="0.0" classname="TestNG.TestNG_SeleniumParametersParallelExample">
    <failure type="java.lang.IllegalStateException" message="The driver executable does not exist: C:\Users\atomar\Documents\workspace_personal\libs\chromedriver">
      <![CDATA[java.lang.IllegalStateException: The driver executable does not exist: C:\Users\atomar\Documents\workspace_personal\libs\chromedriver
	at com.google.common.base.Preconditions.checkState(Preconditions.java:199)
	at org.openqa.selenium.remote.service.DriverService.checkExecutable(DriverService.java:121)
	at org.openqa.selenium.remote.service.DriverService.findExecutable(DriverService.java:116)
	at org.openqa.selenium.chrome.ChromeDriverService.access$0(ChromeDriverService.java:1)
	at org.openqa.selenium.chrome.ChromeDriverService$Builder.findDefaultExecutable(ChromeDriverService.java:137)
	at org.openqa.selenium.remote.service.DriverService$Builder.build(DriverService.java:296)
	at org.openqa.selenium.chrome.ChromeDriverService.createDefaultService(ChromeDriverService.java:88)
	at org.openqa.selenium.chrome.ChromeDriver.<init>(ChromeDriver.java:116)
	at TestNG.TestNG_SeleniumParametersParallelExample.setUp(TestNG_SeleniumParametersParallelExample.java:31)
	at java.util.concurrent.FutureTask.run(Unknown Source)
	at java.util.concurrent.ThreadPoolExecutor.runWorker(Unknown Source)
	at java.util.concurrent.ThreadPoolExecutor$Worker.run(Unknown Source)
	at java.lang.Thread.run(Unknown Source)
... Removed 16 stack frames]]>
    </failure>
  </testcase> <!-- @BeforeClass setUp -->
  <testcase name="@AfterClass cleanUp" time="0.0" classname="TestNG.TestNG_SeleniumParametersParallelExample">
    <skipped/>
  </testcase> <!-- @AfterClass cleanUp -->
  <testcase name="testLogin" time="0.001" classname="TestNG.TestNG_SeleniumParametersParallelExample">
    <skipped/>
  </testcase> <!-- testLogin -->
</testsuite> <!-- Chrome -->
